<?xml version="1.0" encoding="utf-8"?><testsuites name="pytest tests"><testsuite name="pytest" errors="0" failures="1" skipped="2" tests="170" time="85.597" timestamp="2025-09-11T13:37:59.557189-04:00" hostname="Frunkis"><testcase classname="tests.integration.test_integration.TestWorkflowIntegration" name="test_item_creation_workflow" time="11.972" /><testcase classname="tests.integration.test_integration.TestWorkflowIntegration" name="test_job_item_relationship_workflow" time="0.392" /><testcase classname="tests.integration.test_integration.TestWorkflowIntegration" name="test_user_site_workflow" time="0.772" /><testcase classname="tests.integration.test_integration.TestSearchAndFilterIntegration" name="test_aggregation_queries" time="0.418" /><testcase classname="tests.integration.test_integration.TestSearchAndFilterIntegration" name="test_complex_filtering" time="0.437" /><testcase classname="tests.integration.test_integration.TestSearchAndFilterIntegration" name="test_related_object_filtering" time="0.426" /><testcase classname="tests.integration.test_integration.TestSearchAndFilterIntegration" name="test_text_search_integration" time="0.403" /><testcase classname="tests.integration.test_integration.TestExternalServiceIntegration" name="test_cache_integration" time="0.403" /><testcase classname="tests.integration.test_integration.TestExternalServiceIntegration" name="test_email_service_integration" time="0.386" /><testcase classname="tests.integration.test_integration.TestExternalServiceIntegration" name="test_file_storage_integration" time="0.372" /><testcase classname="tests.integration.test_integration.TestManagementCommandIntegration" name="test_custom_management_commands" time="0.001" /><testcase classname="tests.integration.test_integration.TestManagementCommandIntegration" name="test_management_command_execution" time="0.360" /><testcase classname="tests.integration.test_integration.TestPerformanceIntegration" name="test_bulk_operation_performance" time="4.260" /><testcase classname="tests.integration.test_integration.TestPerformanceIntegration" name="test_query_performance" time="1.449" /><testcase classname="tests.integration.test_workflow.TestManagementCommandsIntegration" name="test_management_command_execution" time="0.002" /><testcase classname="tests.smoke.test_basic.TestBasicFunctionality" name="test_basic_queries" time="0.392" /><testcase classname="tests.smoke.test_basic.TestBasicFunctionality" name="test_database_connection" time="0.400" /><testcase classname="tests.smoke.test_basic.TestBasicFunctionality" name="test_site_creation" time="0.372" /><testcase classname="tests.smoke.test_basic.TestBasicFunctionality" name="test_user_creation" time="1.178" /><testcase classname="tests.smoke.test_basic.TestURLConfiguration" name="test_admin_url_accessible" time="0.221" /><testcase classname="tests.smoke.test_basic.TestURLConfiguration" name="test_root_url_accessible" time="0.062" /><testcase classname="tests.smoke.test_basic.TestModelRelationships" name="test_site_relationships" time="0.002" /><testcase classname="tests.smoke.test_basic.TestImportSanity" name="test_core_imports" time="0.001" /><testcase classname="tests.smoke.test_basic.TestImportSanity" name="test_settings_access" time="0.002" /><testcase classname="tests.smoke.test_urls.TestURLConfiguration" name="test_admin_urls" time="0.423" /><testcase classname="tests.smoke.test_urls.TestURLConfiguration" name="test_app_url_includes" time="0.398" /><testcase classname="tests.smoke.test_urls.TestURLConfiguration" name="test_authentication_urls" time="0.396" /><testcase classname="tests.smoke.test_urls.TestURLConfiguration" name="test_core_url_patterns_exist" time="0.452" /><testcase classname="tests.smoke.test_urls.TestURLConfiguration" name="test_development_urls" time="0.404" /><testcase classname="tests.smoke.test_urls.TestURLConfiguration" name="test_error_pages" time="0.400" /><testcase classname="tests.smoke.test_urls.TestURLConfiguration" name="test_middleware_integration" time="0.388" /><testcase classname="tests.smoke.test_urls.TestURLConfiguration" name="test_named_url_reversals" time="0.386" /><testcase classname="tests.smoke.test_urls.TestURLConfiguration" name="test_static_media_serving" time="0.391" /><testcase classname="tests.smoke.test_urls.TestURLConfiguration" name="test_url_encoding_handling" time="0.413" /><testcase classname="tests.smoke.test_urls.TestURLConfiguration" name="test_url_pattern_stability" time="0.379" /><testcase classname="tests.smoke.test_urls.TestURLConfiguration" name="test_url_resolution" time="0.378" /><testcase classname="tests.smoke.test_urls.TestURLSecurity" name="test_admin_access_control" time="0.779" /><testcase classname="tests.smoke.test_urls.TestURLSecurity" name="test_authenticated_url_access" time="1.015"><failure message="AssertionError: 405 not found in [200, 302]">tests\smoke\test_urls.py:292: in test_authenticated_url_access
    self.assertIn(response.status_code, [200, 302])
E   AssertionError: 405 not found in [200, 302]</failure></testcase><testcase classname="tests.smoke.test_urls.TestURLSecurity" name="test_csrf_protection" time="0.417" /><testcase classname="tests.smoke.test_urls.TestURLFallbacks" name="test_fallback_url_handlers" time="0.002" /><testcase classname="tests.smoke.test_urls.TestURLFallbacks" name="test_maintenance_mode_fallback" time="0.006" /><testcase classname="tests.smoke.test_urls.TestURLPerformance" name="test_concurrent_url_access" time="0.009" /><testcase classname="tests.smoke.test_urls.TestURLPerformance" name="test_url_resolution_speed" time="0.006" /><testcase classname="tests.unit.test_forms.TestUserForms" name="test_password_change_form" time="1.522" /><testcase classname="tests.unit.test_forms.TestUserForms" name="test_password_change_form_errors" time="1.161" /><testcase classname="tests.unit.test_forms.TestUserForms" name="test_user_creation_form" time="1.203" /><testcase classname="tests.unit.test_forms.TestUserForms" name="test_user_creation_form_validation_errors" time="0.387" /><testcase classname="tests.unit.test_forms.TestModelForms" name="test_site_model_form" time="0.394" /><testcase classname="tests.unit.test_forms.TestModelForms" name="test_site_model_form_validation" time="0.380" /><testcase classname="tests.unit.test_forms.TestModelForms" name="test_user_model_form" time="0.424" /><testcase classname="tests.unit.test_forms.TestCustomForms" name="test_custom_form_with_validation" time="0.002" /><testcase classname="tests.unit.test_forms.TestCustomForms" name="test_form_with_choices" time="0.001" /><testcase classname="tests.unit.test_forms.TestFormWidgets" name="test_form_field_attributes" time="0.002" /><testcase classname="tests.unit.test_forms.TestFormWidgets" name="test_form_widget_rendering" time="0.005" /><testcase classname="tests.unit.test_forms.TestFormSecurity" name="test_csrf_protection" time="0.001" /><testcase classname="tests.unit.test_forms.TestFormSecurity" name="test_form_field_cleaning" time="0.001" /><testcase classname="tests.unit.test_forms.TestFormIntegration" name="test_form_instance_updating" time="0.003" /><testcase classname="tests.unit.test_forms.TestFormIntegration" name="test_model_form_integration" time="0.002" /><testcase classname="tests.unit.test_forms.TestFormValidationEdgeCases" name="test_empty_form_validation" time="0.001" /><testcase classname="tests.unit.test_forms.TestFormValidationEdgeCases" name="test_form_field_dependencies" time="0.001" /><testcase classname="tests.unit.test_forms.TestFormValidationEdgeCases" name="test_form_with_initial_values" time="0.001" /><testcase classname="tests.unit.test_models.TestItemModelUnit" name="test_item_creation" time="0.404" /><testcase classname="tests.unit.test_models.TestItemModelUnit" name="test_item_str_representation" time="0.397" /><testcase classname="tests.unit.test_models.TestJobModelUnit" name="test_job_creation" time="0.391" /><testcase classname="tests.unit.test_models.TestUtilityFunctions" name="test_decimal_formatting" time="0.001" /><testcase classname="tests.unit.test_models.TestUtilityFunctions" name="test_string_manipulation" time="0.001" /><testcase classname="tests.unit.test_models_comprehensive.TestSiteModel" name="test_site_creation" time="0.002" /><testcase classname="tests.unit.test_models_comprehensive.TestSiteModel" name="test_site_str_representation" time="0.001" /><testcase classname="tests.unit.test_models_comprehensive.TestSiteModel" name="test_site_unique_domain" time="0.002" /><testcase classname="tests.unit.test_models_comprehensive.TestUserModel" name="test_superuser_creation" time="0.414" /><testcase classname="tests.unit.test_models_comprehensive.TestUserModel" name="test_user_creation" time="0.771" /><testcase classname="tests.unit.test_models_comprehensive.TestUserModel" name="test_user_str_representation" time="0.387" /><testcase classname="tests.unit.test_models_comprehensive.TestUserModel" name="test_user_unique_username" time="0.003" /><testcase classname="tests.unit.test_models_comprehensive.TestItemCatalogModel" name="test_item_catalog_creation" time="0.003" /><testcase classname="tests.unit.test_models_comprehensive.TestItemCatalogModel" name="test_item_catalog_str_representation" time="0.002" /><testcase classname="tests.unit.test_models_comprehensive.TestJobModel" name="test_job_creation" time="0.388" /><testcase classname="tests.unit.test_models_comprehensive.TestJobModel" name="test_job_relationships" time="0.383" /><testcase classname="tests.unit.test_models_comprehensive.TestJobModel" name="test_job_str_representation" time="0.388" /><testcase classname="tests.unit.test_models_comprehensive.TestItemModel" name="test_item_boolean_fields" time="0.390" /><testcase classname="tests.unit.test_models_comprehensive.TestItemModel" name="test_item_choice_fields" time="0.392" /><testcase classname="tests.unit.test_models_comprehensive.TestItemModel" name="test_item_creation" time="0.383" /><testcase classname="tests.unit.test_models_comprehensive.TestItemModel" name="test_item_date_fields" time="0.386" /><testcase classname="tests.unit.test_models_comprehensive.TestItemModel" name="test_item_field_validation" time="0.403" /><testcase classname="tests.unit.test_models_comprehensive.TestItemModel" name="test_item_numeric_fields" time="0.434" /><testcase classname="tests.unit.test_models_comprehensive.TestItemModel" name="test_item_relationships" time="0.453" /><testcase classname="tests.unit.test_models_comprehensive.TestItemModel" name="test_item_required_fields" time="0.520" /><testcase classname="tests.unit.test_models_comprehensive.TestItemModel" name="test_item_soft_delete" time="0.492" /><testcase classname="tests.unit.test_models_comprehensive.TestItemModel" name="test_item_status_transitions" time="0.413" /><testcase classname="tests.unit.test_models_comprehensive.TestItemModel" name="test_item_str_representation" time="0.388" /><testcase classname="tests.unit.test_models_comprehensive.TestItemModel" name="test_item_text_fields" time="0.381" /><testcase classname="tests.unit.test_models_comprehensive.TestModelRelationships" name="test_cascading_relationships" time="0.391" /><testcase classname="tests.unit.test_models_comprehensive.TestModelRelationships" name="test_job_item_relationship" time="0.398" /><testcase classname="tests.unit.test_models_comprehensive.TestModelRelationships" name="test_site_job_relationship" time="0.375" /><testcase classname="tests.unit.test_models_comprehensive.TestModelRelationships" name="test_user_created_objects" time="0.387" /><testcase classname="tests.unit.test_utils.TestUtilityFunctions" name="test_data_validation_utilities" time="0.373" /><testcase classname="tests.unit.test_utils.TestUtilityFunctions" name="test_date_utilities" time="0.385" /><testcase classname="tests.unit.test_utils.TestUtilityFunctions" name="test_file_path_utilities" time="0.395" /><testcase classname="tests.unit.test_utils.TestUtilityFunctions" name="test_string_utilities" time="0.372" /><testcase classname="tests.unit.test_utils.TestCustomDecorators" name="test_custom_decorator" time="0.388" /><testcase classname="tests.unit.test_utils.TestCustomDecorators" name="test_login_required_decorator" time="0.383" /><testcase classname="tests.unit.test_utils.TestCustomDecorators" name="test_permission_required_decorator" time="0.379"><skipped type="pytest.skip" message="Permission decorator test skipped due to test environment limitations">C:\Dev\Gold3\tests\unit\test_utils.py:154: Permission decorator test skipped due to test environment limitations</skipped></testcase><testcase classname="tests.unit.test_utils.TestModelUtilities" name="test_model_get_absolute_url" time="0.391" /><testcase classname="tests.unit.test_utils.TestModelUtilities" name="test_model_relationships" time="0.401" /><testcase classname="tests.unit.test_utils.TestModelUtilities" name="test_model_str_methods" time="0.382" /><testcase classname="tests.unit.test_utils.TestModelUtilities" name="test_model_validation" time="0.386" /><testcase classname="tests.unit.test_utils.TestFileUtilities" name="test_directory_operations" time="0.003" /><testcase classname="tests.unit.test_utils.TestFileUtilities" name="test_file_creation" time="0.003" /><testcase classname="tests.unit.test_utils.TestFileUtilities" name="test_file_operations" time="0.003" /><testcase classname="tests.unit.test_utils.TestDataProcessingUtilities" name="test_csv_processing" time="0.001" /><testcase classname="tests.unit.test_utils.TestDataProcessingUtilities" name="test_data_transformation" time="0.001" /><testcase classname="tests.unit.test_utils.TestDataProcessingUtilities" name="test_json_processing" time="0.001" /><testcase classname="tests.unit.test_utils.TestErrorHandlingUtilities" name="test_custom_exceptions" time="0.001" /><testcase classname="tests.unit.test_utils.TestErrorHandlingUtilities" name="test_exception_handling" time="0.001" /><testcase classname="tests.unit.test_utils.TestErrorHandlingUtilities" name="test_logging_utilities" time="0.002" /><testcase classname="tests.unit.test_utils.TestSecurityUtilities" name="test_csrf_token_generation" time="0.002" /><testcase classname="tests.unit.test_utils.TestSecurityUtilities" name="test_input_sanitization" time="0.001" /><testcase classname="tests.unit.test_utils.TestSecurityUtilities" name="test_password_hashing" time="1.152" /><testcase classname="tests.unit.test_utils.TestPerformanceUtilities" name="test_memory_usage" time="0.003"><skipped type="pytest.skip" message="psutil not available">C:\Dev\Gold3\tests\unit\test_utils.py:554: psutil not available</skipped></testcase><testcase classname="tests.unit.test_utils.TestPerformanceUtilities" name="test_query_optimization" time="0.083" /><testcase classname="tests.unit.test_utils.TestPerformanceUtilities" name="test_timing_utilities" time="0.001" /><testcase classname="tests.unit.test_utils.TestAsyncUtilities" name="test_async_context_managers" time="0.002" /><testcase classname="tests.unit.test_utils.TestAsyncUtilities" name="test_async_function_basics" time="0.005" /><testcase classname="tests.unit.test_utils.TestConfigurationUtilities" name="test_environment_variables" time="0.001" /><testcase classname="tests.unit.test_utils.TestConfigurationUtilities" name="test_override_settings" time="0.001" /><testcase classname="tests.unit.test_utils.TestConfigurationUtilities" name="test_settings_access" time="0.001" /><testcase classname="tests.unit.test_views.TestAuthenticationViews" name="test_login_failure" time="1.566" /><testcase classname="tests.unit.test_views.TestAuthenticationViews" name="test_login_page_get" time="0.764" /><testcase classname="tests.unit.test_views.TestAuthenticationViews" name="test_login_success" time="1.507" /><testcase classname="tests.unit.test_views.TestAuthenticationViews" name="test_logout" time="1.132" /><testcase classname="tests.unit.test_views.TestAuthenticationViews" name="test_password_change_get" time="1.121" /><testcase classname="tests.unit.test_views.TestAuthenticationViews" name="test_password_change_post" time="2.335" /><testcase classname="tests.unit.test_views.TestHomePageViews" name="test_favicon_redirect" time="0.385" /><testcase classname="tests.unit.test_views.TestHomePageViews" name="test_home_page_anonymous" time="0.506" /><testcase classname="tests.unit.test_views.TestHomePageViews" name="test_home_page_authenticated" time="0.903" /><testcase classname="tests.unit.test_views.TestAdminViews" name="test_admin_index_anonymous" time="0.828" /><testcase classname="tests.unit.test_views.TestAdminViews" name="test_admin_index_regular_user" time="1.191" /><testcase classname="tests.unit.test_views.TestAdminViews" name="test_admin_index_superuser" time="1.171" /><testcase classname="tests.unit.test_views.TestAdminViews" name="test_admin_login" time="0.801" /><testcase classname="tests.unit.test_views.TestPreferencesViews" name="test_preferences_contact_info" time="0.773" /><testcase classname="tests.unit.test_views.TestPreferencesViews" name="test_preferences_page" time="0.784" /><testcase classname="tests.unit.test_views.TestPreferencesViews" name="test_preferences_settings" time="0.791" /><testcase classname="tests.unit.test_views.TestWorkflowViews" name="test_job_search_view" time="0.372" /><testcase classname="tests.unit.test_views.TestWorkflowViews" name="test_reports_list_view" time="0.386" /><testcase classname="tests.unit.test_views.TestErrorHandlingViews" name="test_404_error_page" time="0.007" /><testcase classname="tests.unit.test_views.TestErrorHandlingViews" name="test_invalid_url_patterns" time="0.014" /><testcase classname="tests.unit.test_views.TestErrorHandlingViews" name="test_method_not_allowed" time="0.005" /><testcase classname="tests.unit.test_views.TestMiddlewareIntegration" name="test_authentication_middleware" time="1.155" /><testcase classname="tests.unit.test_views.TestMiddlewareIntegration" name="test_csrf_middleware" time="0.383" /><testcase classname="tests.unit.test_views.TestMiddlewareIntegration" name="test_session_middleware" time="0.794" /><testcase classname="tests.unit.test_views.TestViewSecurity" name="test_admin_access_control" time="1.580" /><testcase classname="tests.unit.test_views.TestViewSecurity" name="test_authenticated_view_access" time="1.148" /><testcase classname="tests.unit.test_views.TestViewPerformance" name="test_view_response_time" time="0.006" /><testcase classname="tests.unit.test_views.TestFormHandling" name="test_login_form_validation" time="0.767" /><testcase classname="tests.unit.test_views.TestFormHandling" name="test_password_change_form" time="1.940" /><testcase classname="tests.unit.test_views.TestDevelopmentViews" name="test_development_helper_views" time="0.007" /><testcase classname="tests.unit.test_views.TestDevelopmentViews" name="test_test_standard_template_view" time="0.003" /><testcase classname="tests.integration.test_integration.TestDatabaseIntegration" name="test_database_constraints" time="0.490" /><testcase classname="tests.integration.test_integration.TestDatabaseIntegration" name="test_foreign_key_constraints" time="0.477" /><testcase classname="tests.integration.test_integration.TestDatabaseIntegration" name="test_transaction_commit" time="0.460" /><testcase classname="tests.integration.test_integration.TestDatabaseIntegration" name="test_transaction_rollback" time="0.479" /><testcase classname="tests.integration.test_integration.TestBulkOperationsIntegration" name="test_bulk_delete_operations" time="0.540" /><testcase classname="tests.integration.test_integration.TestBulkOperationsIntegration" name="test_bulk_item_creation" time="0.555" /><testcase classname="tests.integration.test_integration.TestBulkOperationsIntegration" name="test_bulk_update_operations" time="0.493" /><testcase classname="tests.integration.test_integration.TestConcurrentAccessIntegration" name="test_concurrent_item_creation" time="0.500" /><testcase classname="tests.integration.test_integration.TestDataMigrationIntegration" name="test_data_integrity_during_operations" time="0.480" /><testcase classname="tests.integration.test_workflow.TestWorkflowIntegration" name="test_bulk_item_creation" time="0.547" /><testcase classname="tests.integration.test_workflow.TestWorkflowIntegration" name="test_complete_workflow_creation" time="0.475" /><testcase classname="tests.integration.test_workflow.TestDatabaseIntegration" name="test_cascading_deletes" time="0.482" /><testcase classname="tests.integration.test_workflow.TestDatabaseIntegration" name="test_database_constraints" time="0.496" /><testcase classname="gchub_db.tests.test_smoke_urls.SmokeURLTests" name="test_reverse_named_urls" time="0.005" /></testsuite></testsuites>
